2025-01-02 15:51:47 [main] INFO  c.m.d.t.t.k.s.TwitterToKafkaServiceApplication - Starting TwitterToKafkaServiceApplication on levideMacBook-Pro.local with PID 51211 (/Users/levi/develop/project/springcloud/event-elastic/microservice-demo/twitter-to-kafka-service/target/classes started by levi in /Users/levi/develop/project/springcloud/event-elastic/microservice-demo)
2025-01-02 15:51:47 [main] INFO  c.m.d.t.t.k.s.TwitterToKafkaServiceApplication - No active profile set, falling back to default profiles: default
2025-01-02 15:51:47 [main] WARN  o.s.c.a.AnnotationConfigApplicationContext - Exception encountered during context initialization - cancelling refresh attempt: org.springframework.beans.factory.BeanDefinitionStoreException: Failed to parse configuration class [com.microservice.demo.twitter.to.kafka.service.TwitterToKafkaServiceApplication]; nested exception is org.springframework.context.annotation.ConflictingBeanDefinitionException: Annotation-specified bean name 'twitterToKafkaServiceConfigData' for bean class [com.microservice.demo.twitter.to.kafka.service.config.TwitterToKafkaServiceConfigData] conflicts with existing, non-compatible bean definition of same name and class [com.microservice.demo.config.TwitterToKafkaServiceConfigData]
2025-01-02 15:51:47 [main] INFO  o.s.b.a.l.ConditionEvaluationReportLoggingListener - 

Error starting ApplicationContext. To display the conditions report re-run your application with 'debug' enabled.
2025-01-02 15:51:47 [main] ERROR o.s.boot.SpringApplication - Application run failed
org.springframework.beans.factory.BeanDefinitionStoreException: Failed to parse configuration class [com.microservice.demo.twitter.to.kafka.service.TwitterToKafkaServiceApplication]; nested exception is org.springframework.context.annotation.ConflictingBeanDefinitionException: Annotation-specified bean name 'twitterToKafkaServiceConfigData' for bean class [com.microservice.demo.twitter.to.kafka.service.config.TwitterToKafkaServiceConfigData] conflicts with existing, non-compatible bean definition of same name and class [com.microservice.demo.config.TwitterToKafkaServiceConfigData]
	at org.springframework.context.annotation.ConfigurationClassParser.parse(ConfigurationClassParser.java:189)
	at org.springframework.context.annotation.ConfigurationClassPostProcessor.processConfigBeanDefinitions(ConfigurationClassPostProcessor.java:319)
	at org.springframework.context.annotation.ConfigurationClassPostProcessor.postProcessBeanDefinitionRegistry(ConfigurationClassPostProcessor.java:236)
	at org.springframework.context.support.PostProcessorRegistrationDelegate.invokeBeanDefinitionRegistryPostProcessors(PostProcessorRegistrationDelegate.java:280)
	at org.springframework.context.support.PostProcessorRegistrationDelegate.invokeBeanFactoryPostProcessors(PostProcessorRegistrationDelegate.java:96)
	at org.springframework.context.support.AbstractApplicationContext.invokeBeanFactoryPostProcessors(AbstractApplicationContext.java:707)
	at org.springframework.context.support.AbstractApplicationContext.refresh(AbstractApplicationContext.java:533)
	at org.springframework.boot.SpringApplication.refresh(SpringApplication.java:758)
	at org.springframework.boot.SpringApplication.refresh(SpringApplication.java:750)
	at org.springframework.boot.SpringApplication.refreshContext(SpringApplication.java:397)
	at org.springframework.boot.SpringApplication.run(SpringApplication.java:315)
	at org.springframework.boot.SpringApplication.run(SpringApplication.java:1237)
	at org.springframework.boot.SpringApplication.run(SpringApplication.java:1226)
	at com.microservice.demo.twitter.to.kafka.service.TwitterToKafkaServiceApplication.main(TwitterToKafkaServiceApplication.java:32)
Caused by: org.springframework.context.annotation.ConflictingBeanDefinitionException: Annotation-specified bean name 'twitterToKafkaServiceConfigData' for bean class [com.microservice.demo.twitter.to.kafka.service.config.TwitterToKafkaServiceConfigData] conflicts with existing, non-compatible bean definition of same name and class [com.microservice.demo.config.TwitterToKafkaServiceConfigData]
	at org.springframework.context.annotation.ClassPathBeanDefinitionScanner.checkCandidate(ClassPathBeanDefinitionScanner.java:349)
	at org.springframework.context.annotation.ClassPathBeanDefinitionScanner.doScan(ClassPathBeanDefinitionScanner.java:287)
	at org.springframework.context.annotation.ComponentScanAnnotationParser.parse(ComponentScanAnnotationParser.java:132)
	at org.springframework.context.annotation.ConfigurationClassParser.doProcessConfigurationClass(ConfigurationClassParser.java:296)
	at org.springframework.context.annotation.ConfigurationClassParser.processConfigurationClass(ConfigurationClassParser.java:250)
	at org.springframework.context.annotation.ConfigurationClassParser.parse(ConfigurationClassParser.java:207)
	at org.springframework.context.annotation.ConfigurationClassParser.parse(ConfigurationClassParser.java:175)
	... 13 common frames omitted
2025-01-02 15:54:08 [main] INFO  c.m.d.t.t.k.s.TwitterToKafkaServiceApplication - Starting TwitterToKafkaServiceApplication on levideMacBook-Pro.local with PID 55155 (/Users/levi/develop/project/springcloud/event-elastic/microservice-demo/twitter-to-kafka-service/target/classes started by levi in /Users/levi/develop/project/springcloud/event-elastic/microservice-demo)
2025-01-02 15:54:08 [main] INFO  c.m.d.t.t.k.s.TwitterToKafkaServiceApplication - No active profile set, falling back to default profiles: default
2025-01-02 15:54:09 [main] INFO  c.m.d.t.t.k.s.TwitterToKafkaServiceApplication - Started TwitterToKafkaServiceApplication in 6.646 seconds (JVM running for 7.701)
2025-01-02 15:54:09 [main] INFO  c.m.d.t.t.k.s.TwitterToKafkaServiceApplication - App starts...
2025-01-02 15:54:09 [main] INFO  c.m.d.t.t.k.s.TwitterToKafkaServiceApplication - [Java, Microservices, Kafka, Elasticsearch]
2025-01-02 15:54:09 [main] INFO  c.m.d.t.t.k.s.TwitterToKafkaServiceApplication - Hello microservices!
2025-01-02 15:54:09 [main] INFO  c.m.d.t.t.k.s.r.i.MockKafkaStreamRunner - Starting mock filtering twitter streams for keywords [Java, Microservices, Kafka, Elasticsearch]
2025-01-02 15:54:10 [pool-1-thread-1] INFO  c.m.d.t.t.k.s.l.TwitterKafkaStatusListener - Twitter status with text sed congue Fusce amet amet consectetuer ultricies Kafka lectus magna libero massa dolor
2025-01-02 15:54:20 [pool-1-thread-1] INFO  c.m.d.t.t.k.s.l.TwitterKafkaStatusListener - Twitter status with text malesuada adipiscing malesuada elit Java consectetuer pulvinar
2025-01-02 15:54:30 [pool-1-thread-1] INFO  c.m.d.t.t.k.s.l.TwitterKafkaStatusListener - Twitter status with text amet magna elit massa purus Java ipsum libero Fusce
2025-01-02 15:54:40 [pool-1-thread-1] INFO  c.m.d.t.t.k.s.l.TwitterKafkaStatusListener - Twitter status with text malesuada lectus massa dolor ultricies magna Fusce Kafka consectetuer massa adipiscing sed congue amet
2025-01-02 15:54:50 [pool-1-thread-1] INFO  c.m.d.t.t.k.s.l.TwitterKafkaStatusListener - Twitter status with text pulvinar congue congue pulvinar amet libero Elasticsearch Fusce dolor Maecenas dolor
2025-01-02 15:55:00 [pool-1-thread-1] INFO  c.m.d.t.t.k.s.l.TwitterKafkaStatusListener - Twitter status with text Maecenas Fusce malesuada Fusce Kafka sit ultricies
